[openstudio.runmanager.RunManager] <-1> Time to load for uuid: {3b17329f-a153-4174-81ee-6d9b92f080d1} 0
[openstudio.runmanager.RunManager] <-1> Time to parse tools for uuid: {3b17329f-a153-4174-81ee-6d9b92f080d1} 0
[openstudio.runmanager.RunManager] <-1> Time to parse params for uuid: {3b17329f-a153-4174-81ee-6d9b92f080d1} 0
[openstudio.runmanager.RunManager] <-1> Time to parse files for uuid: {3b17329f-a153-4174-81ee-6d9b92f080d1} 0
[openstudio.runmanager.RunManager] <-1> Time to load for uuid: {d3c9bb2d-f40f-4e3c-9739-7a179a5fa3f6} 0
[openstudio.runmanager.RunManager] <-1> Time to parse tools for uuid: {d3c9bb2d-f40f-4e3c-9739-7a179a5fa3f6} 0
[openstudio.runmanager.RunManager] <-1> Time to parse params for uuid: {d3c9bb2d-f40f-4e3c-9739-7a179a5fa3f6} 0
[openstudio.runmanager.RunManager] <-1> Time to parse files for uuid: {d3c9bb2d-f40f-4e3c-9739-7a179a5fa3f6} 0
[openstudio.runmanager.RunManager] <-1> Time to load for uuid: {9499fbaf-4cc9-48d9-be71-fe3b63dabe38} 0
[openstudio.runmanager.RunManager] <-1> Time to parse tools for uuid: {9499fbaf-4cc9-48d9-be71-fe3b63dabe38} 0
[openstudio.runmanager.RunManager] <-1> Time to parse params for uuid: {9499fbaf-4cc9-48d9-be71-fe3b63dabe38} 0
[openstudio.runmanager.RunManager] <-1> Time to parse files for uuid: {9499fbaf-4cc9-48d9-be71-fe3b63dabe38} 0
[openstudio.runmanager.RunManager] <-1> Time to load for uuid: {36cee158-d671-4963-843e-260abc87ae40} 0
[openstudio.runmanager.RunManager] <-1> Time to parse tools for uuid: {36cee158-d671-4963-843e-260abc87ae40} 0
[openstudio.runmanager.RunManager] <-1> Time to parse params for uuid: {36cee158-d671-4963-843e-260abc87ae40} 0
[openstudio.runmanager.RunManager] <-1> Time to parse files for uuid: {36cee158-d671-4963-843e-260abc87ae40} 0
[openstudio.runmanager.RunManager] <-1> Time to load for uuid: {77aace0e-bbdb-4160-96cb-8b1c27b71b2c} 0
[openstudio.runmanager.RunManager] <-1> Time to parse tools for uuid: {77aace0e-bbdb-4160-96cb-8b1c27b71b2c} 0
[openstudio.runmanager.RunManager] <-1> Time to parse params for uuid: {77aace0e-bbdb-4160-96cb-8b1c27b71b2c} 0
[openstudio.runmanager.RunManager] <-1> Time to parse files for uuid: {77aace0e-bbdb-4160-96cb-8b1c27b71b2c} 0
[openstudio.LocalLibraryController] <-2> Creating LocalLibraryController with base app 0x7fff5114d880
[utilities.bcl.BCLMeasure] <-2> Loading measures in path: /Users/kbenne/Development/OpenStudio3/openstudiocore/src/pat_app/Measures
[utilities.bcl.BCLMeasure] <-2> Attempting to load measure: /Users/kbenne/Development/OpenStudio3/openstudiocore/src/pat_app/Measures/CalibrationReports
[utilities.bcl.BCLMeasure] <-2> Success loading measure: /Users/kbenne/Development/OpenStudio3/openstudiocore/src/pat_app/Measures/CalibrationReports
[utilities.bcl.BCLMeasure] <-2> Attempting to load measure: /Users/kbenne/Development/OpenStudio3/openstudiocore/src/pat_app/Measures/RadianceMeasure
[utilities.bcl.BCLMeasure] <-2> Success loading measure: /Users/kbenne/Development/OpenStudio3/openstudiocore/src/pat_app/Measures/RadianceMeasure
[utilities.bcl.BCLMeasure] <-2> Attempting to load measure: /Users/kbenne/Development/OpenStudio3/openstudiocore/src/pat_app/Measures/ReplaceModel
[utilities.bcl.BCLMeasure] <-2> Success loading measure: /Users/kbenne/Development/OpenStudio3/openstudiocore/src/pat_app/Measures/ReplaceModel
[utilities.bcl.BCLMeasure] <-2> Attempting to load measure: /Users/kbenne/Development/OpenStudio3/openstudiocore/src/pat_app/Measures/ReportRequest
[utilities.bcl.BCLMeasure] <-2> Success loading measure: /Users/kbenne/Development/OpenStudio3/openstudiocore/src/pat_app/Measures/ReportRequest
[utilities.bcl.BCLMeasure] <-2> Attempting to load measure: /Users/kbenne/Development/OpenStudio3/openstudiocore/src/pat_app/Measures/StandardReports
[utilities.bcl.BCLMeasure] <-2> Success loading measure: /Users/kbenne/Development/OpenStudio3/openstudiocore/src/pat_app/Measures/StandardReports
[utilities.bcl.BCLMeasure] <-2> Loading measures in path: /Users/kbenne/OpenStudio/Measures
[utilities.bcl.BCLMeasure] <-2> Attempting to load measure: /Users/kbenne/OpenStudio/Measures/Add Output Variable
[utilities.bcl.BCLMeasure] <-2> Success loading measure: /Users/kbenne/OpenStudio/Measures/Add Output Variable
[utilities.bcl.BCLMeasure] <-2> Attempting to load measure: /Users/kbenne/OpenStudio/Measures/add_always_on_schedule
[utilities.bcl.BCLMeasure] <-2> Success loading measure: /Users/kbenne/OpenStudio/Measures/add_always_on_schedule
[utilities.bcl.BCLMeasure] <-2> Attempting to load measure: /Users/kbenne/OpenStudio/Measures/add_chiller
[utilities.bcl.BCLMeasure] <-2> Success loading measure: /Users/kbenne/OpenStudio/Measures/add_chiller
[utilities.bcl.BCLMeasure] <-2> Attempting to load measure: /Users/kbenne/OpenStudio/Measures/change_coil_system
[utilities.bcl.BCLMeasure] <-2> Success loading measure: /Users/kbenne/OpenStudio/Measures/change_coil_system
[utilities.bcl.BCLMeasure] <-2> Attempting to load measure: /Users/kbenne/OpenStudio/Measures/fix_hvac
[utilities.bcl.BCLMeasure] <-2> Success loading measure: /Users/kbenne/OpenStudio/Measures/fix_hvac
[utilities.bcl.BCLMeasure] <-2> Attempting to load measure: /Users/kbenne/OpenStudio/Measures/hx_cooling_operation
[utilities.bcl.BCLMeasure] <-2> Success loading measure: /Users/kbenne/OpenStudio/Measures/hx_cooling_operation
[utilities.bcl.BCLMeasure] <-2> Attempting to load measure: /Users/kbenne/OpenStudio/Measures/new_measure
[utilities.bcl.BCLMeasure] <-2> Success loading measure: /Users/kbenne/OpenStudio/Measures/new_measure
[utilities.bcl.BCLMeasure] <-2> Attempting to load measure: /Users/kbenne/OpenStudio/Measures/node_diagnostics
[utilities.bcl.BCLMeasure] <-2> Success loading measure: /Users/kbenne/OpenStudio/Measures/node_diagnostics
[utilities.bcl.BCLMeasure] <-2> Attempting to load measure: /Users/kbenne/OpenStudio/Measures/RenameZoneHVACEquipmentAndComponents
[utilities.bcl.BCLMeasure] <-2> Success loading measure: /Users/kbenne/OpenStudio/Measures/RenameZoneHVACEquipmentAndComponents
[utilities.bcl.BCLMeasure] <-2> Attempting to load measure: /Users/kbenne/OpenStudio/Measures/test_measure
[utilities.bcl.BCLMeasure] <-2> Success loading measure: /Users/kbenne/OpenStudio/Measures/test_measure
[openstudio.project.ProjectDatabase] <-1> DB Message: cannot start a transaction within a transaction Unable to begin transaction
[saveModel] <-2> Saved model to '/var/folders/d1/gcrpgjdj2ynbfcnf_pqrm319m5xl2s/T/OpenStudio.E41968/in.osm'
[saveModelTempDir] <-2> Copying /var/folders/d1/gcrpgjdj2ynbfcnf_pqrm319m5xl2s/T/OpenStudio.E41968/resources to /Users/kbenne/Development/OpenStudio2/compact_osw/files/seb
[copyDir] <-1> copyDir '/var/folders/d1/gcrpgjdj2ynbfcnf_pqrm319m5xl2s/T/OpenStudio.E41968/resources' to '/Users/kbenne/Development/OpenStudio2/compact_osw/files/seb'
[synchDirStructures] <-1> Synching destination '/Users/kbenne/Development/OpenStudio2/compact_osw/files/seb' with source '/var/folders/d1/gcrpgjdj2ynbfcnf_pqrm319m5xl2s/T/OpenStudio.E41968/resources'
[synchDirStructures] <-1> Synching destination '/Users/kbenne/Development/OpenStudio2/compact_osw/files/seb/files' with source '/var/folders/d1/gcrpgjdj2ynbfcnf_pqrm319m5xl2s/T/OpenStudio.E41968/resources/files'
[synchDirStructures] <-1> Synching destination '/Users/kbenne/Development/OpenStudio2/compact_osw/files/seb/run' with source '/var/folders/d1/gcrpgjdj2ynbfcnf_pqrm319m5xl2s/T/OpenStudio.E41968/resources/run'
[synchDirStructures] <-1> Synching destination '/Users/kbenne/Development/OpenStudio2/compact_osw/files/seb/scripts' with source '/var/folders/d1/gcrpgjdj2ynbfcnf_pqrm319m5xl2s/T/OpenStudio.E41968/resources/scripts'
[copyDir] <-1> copyDir '/var/folders/d1/gcrpgjdj2ynbfcnf_pqrm319m5xl2s/T/OpenStudio.E41968/resources/files' to '/Users/kbenne/Development/OpenStudio2/compact_osw/files/seb/files'
[synchDirStructures] <-1> Synching destination '/Users/kbenne/Development/OpenStudio2/compact_osw/files/seb/files' with source '/var/folders/d1/gcrpgjdj2ynbfcnf_pqrm319m5xl2s/T/OpenStudio.E41968/resources/files'
